[2025-09-03 17:54:46] === check_for_updates: START ===
[2025-09-03 17:54:46] current_version (from version.py): 1.2.0
[2025-09-03 17:54:46] GET https://api.github.com/repos/felipeacevedo1014/controller_calculator/releases/latest
[2025-09-03 17:54:46] GitHub status: 200
[2025-09-03 17:54:46] latest_release tag_name=v1.3.0 parsed=1.3.0
[2025-09-03 17:54:46] Compare: cur=1.2.0, latest=1.3.0
[2025-09-03 17:54:46] Update AVAILABLE.
[2025-09-03 17:54:52] Tkinter messagebox shown.
[2025-09-03 17:55:01] === check_for_updates: START ===
[2025-09-03 17:55:01] current_version (from version.py): 1.2.0
[2025-09-03 17:55:01] GET https://api.github.com/repos/felipeacevedo1014/controller_calculator/releases/latest
[2025-09-03 17:55:01] GitHub status: 200
[2025-09-03 17:55:01] latest_release tag_name=v1.3.0 parsed=1.3.0
[2025-09-03 17:55:01] Compare: cur=1.2.0, latest=1.3.0
[2025-09-03 17:55:01] Update AVAILABLE.
[2025-09-03 17:55:03] Tkinter messagebox shown.
[2025-09-03 17:57:03] === check_for_updates: START ===
[2025-09-03 17:57:03] current_version (from version.py): 1.2.0
[2025-09-03 17:57:03] GET https://api.github.com/repos/felipeacevedo1014/controller_calculator/releases/latest
[2025-09-03 17:57:03] GitHub status: 200
[2025-09-03 17:57:03] latest_release tag_name=v1.3.0 parsed=1.3.0
[2025-09-03 17:57:03] Compare: cur=1.2.0, latest=1.3.0
[2025-09-03 17:57:03] Update AVAILABLE.
[2025-09-03 17:57:19] Tkinter messagebox shown.
[2025-09-03 18:00:11] === check_for_updates: START ===
[2025-09-03 18:00:11] current_version (from version.py): 1.2.0
[2025-09-03 18:00:11] GET https://api.github.com/repos/felipeacevedo1014/controller_calculator/releases/latest
[2025-09-03 18:00:11] GitHub status: 200
[2025-09-03 18:00:11] latest_release tag_name=v1.3.0 parsed=1.3.0
[2025-09-03 18:00:11] Compare: cur=1.2.0, latest=1.3.0
[2025-09-03 18:00:11] Update AVAILABLE.
[2025-09-03 18:00:14] User chose update: True
[2025-09-03 18:00:14] GET https://api.github.com/repos/felipeacevedo1014/controller_calculator/releases/latest
[2025-09-03 18:00:14] GitHub status: 200
[2025-09-03 18:00:14] Chosen asset: points_calculator_1.3.0_win64.zip (93078865 bytes)
[2025-09-03 18:00:14] Downloading asset: https://github.com/felipeacevedo1014/controller_calculator/releases/download/v1.3.0/points_calculator_1.3.0_win64.zip -> C:\Users\felip\AppData\Local\Temp\cc_upd_4fqbsyo1\points_calculator_1.3.0_win64.zip
[2025-09-03 18:00:19] Downloaded C:\Users\felip\AppData\Local\Temp\cc_upd_4fqbsyo1\points_calculator_1.3.0_win64.zip (93078865 bytes)
[2025-09-03 18:00:19] Extracting zip: C:\Users\felip\AppData\Local\Temp\cc_upd_4fqbsyo1\points_calculator_1.3.0_win64.zip -> C:\Users\felip\AppData\Local\Temp\cc_upd_4fqbsyo1\extracted
[2025-09-03 18:00:19] Zip extracted.
[2025-09-03 18:00:19] Not frozen; opening extracted folder instead of self-replacing.
[2025-09-03 18:01:36] === check_for_updates: START ===
[2025-09-03 18:01:36] current_version (from version.py): 1.2.0
[2025-09-03 18:01:36] GET https://api.github.com/repos/felipeacevedo1014/controller_calculator/releases/latest
[2025-09-03 18:01:36] GitHub status: 200
[2025-09-03 18:01:36] latest_release tag_name=v1.3.0 parsed=1.3.0
[2025-09-03 18:01:36] Compare: cur=1.2.0, latest=1.3.0
[2025-09-03 18:01:36] Update AVAILABLE.
[2025-09-03 18:01:39] User chose update: False
